Build started 2014-03-09 12:51:42.
Project "C:\Users\win7\Documents\visual studio 2010\Projects\wzrServer\wzrServer\wzrServer.vcxproj" on node 2 (build target(s)).
InitializeBuildStatus:
  Creating "Debug\wzrServer.unsuccessfulbuild" because "AlwaysCreate" was specified.
ClCompile:
  All outputs are up-to-date.
  C:\Program Files\Microsoft Visual Studio 10.0\VC\bin\CL.exe /c /ZI /nologo /W3 /WX- /Od /Oy- /D WIN32 /D _DEBUG /D _CONSOLE /D _UNICODE /D UNICODE /Gm /EHsc /RTC1 /MDd /GS /fp:precise /Zc:wchar_t /Zc:forScope /Yu"StdAfx.h" /Fp"Debug\wzrServer.pch" /Fo"Debug\\" /Fd"Debug\vc100.pdb" /Gd /TP /analyze- /errorReport:prompt wzrServer.cpp
  Skipping... (no relevant changes detected)
  wzrServer.cpp
ManifestResourceCompile:
  All outputs are up-to-date.
Link:
  C:\Program Files\Microsoft Visual Studio 10.0\VC\bin\link.exe /ERRORREPORT:PROMPT /OUT:"C:\Users\win7\Documents\Visual Studio 2010\Projects\wzrServer\Debug\wzrServer.exe" /INCREMENTAL /NOLOGO WSOCK32.LIB MPR.LIB kernel32.lib user32.lib gdi32.lib winspool.lib comdlg32.lib advapi32.lib shell32.lib ole32.lib oleaut32.lib uuid.lib odbc32.lib odbccp32.lib kernel32.lib user32.lib gdi32.lib winspool.lib comdlg32.lib advapi32.lib shell32.lib ole32.lib oleaut32.lib uuid.lib odbc32.lib odbccp32.lib /MANIFEST /ManifestFile:"Debug\wzrServer.exe.intermediate.manifest" /MANIFESTUAC:"level='asInvoker' uiAccess='false'" /DEBUG /PDB:"C:\Users\win7\Documents\Visual Studio 2010\Projects\wzrServer\Debug\wzrServer.pdb" /SUBSYSTEM:CONSOLE /TLBID:1 /DYNAMICBASE /NXCOMPAT /IMPLIB:"C:\Users\win7\Documents\Visual Studio 2010\Projects\wzrServer\Debug\wzrServer.lib" /MACHINE:X86 Debug\wzrServer.exe.embed.manifest.res
  Debug\siec.obj
  Debug\stdafx.obj
  Debug\wzrServer.obj
Manifest:
  C:\Program Files\Microsoft SDKs\Windows\v7.0A\bin\mt.exe /nologo /verbose /out:"Debug\wzrServer.exe.embed.manifest" /manifest Debug\wzrServer.exe.intermediate.manifest
  All outputs are up-to-date.
LinkEmbedManifest:
  All outputs are up-to-date.
  wzrServer.vcxproj -> C:\Users\win7\Documents\Visual Studio 2010\Projects\wzrServer\Debug\wzrServer.exe
FinalizeBuildStatus:
  Deleting file "Debug\wzrServer.unsuccessfulbuild".
  Touching "Debug\wzrServer.lastbuildstate".
Done Building Project "C:\Users\win7\Documents\visual studio 2010\Projects\wzrServer\wzrServer\wzrServer.vcxproj" (build target(s)).

Build succeeded.

Time Elapsed 00:00:02.25
