Build started 2014-02-24 13:55:33.
     1>Project "C:\Studenci\Rzymski\Wzr-1\wzr13z_1b\wzr_vis.vcxproj" on node 2 (build target(s)).
     1>InitializeBuildStatus:
         Creating "Debug\wzr_vis.unsuccessfulbuild" because "AlwaysCreate" was specified.
       ClCompile:
         C:\Program Files (x86)\Microsoft Visual Studio 10.0\VC\bin\CL.exe /c /ZI /nologo /W3 /WX- /Od /Oy- /D WIN32 /D _DEBUG /D _CONSOLE /D _VC80_UPGRADE=0x0710 /D _MBCS /Gm /EHsc /RTC1 /MTd /GS /fp:precise /Zc:wchar_t /Zc:forScope /Fo"Debug\\" /Fd"Debug\vc100.pdb" /Gd /TP /analyze- /errorReport:prompt interakcja.cpp
         interakcja.cpp
     1>c:\studenci\rzymski\wzr-1\wzr13z_1b\interakcja.cpp(19): warning C4996: 'fopen': This function or variable may be unsafe. Consider using fopen_s instead. To disable deprecation, use _CRT_SECURE_NO_WARNINGS. See online help for details.
                 c:\program files (x86)\microsoft visual studio 10.0\vc\include\stdio.h(234) : see declaration of 'fopen'
     1>c:\studenci\rzymski\wzr-1\wzr13z_1b\interakcja.cpp(139): warning C4244: '=' : conversion from 'double' to 'float', possible loss of data
     1>c:\studenci\rzymski\wzr-1\wzr13z_1b\interakcja.cpp(141): warning C4996: 'sprintf': This function or variable may be unsafe. Consider using sprintf_s instead. To disable deprecation, use _CRT_SECURE_NO_WARNINGS. See online help for details.
                 c:\program files (x86)\microsoft visual studio 10.0\vc\include\stdio.h(371) : see declaration of 'sprintf'
     1>c:\studenci\rzymski\wzr-1\wzr13z_1b\interakcja.cpp(208): warning C4305: '=' : truncation from 'double' to 'float'
     1>c:\studenci\rzymski\wzr-1\wzr13z_1b\interakcja.cpp(209): warning C4305: '=' : truncation from 'double' to 'float'
     1>c:\studenci\rzymski\wzr-1\wzr13z_1b\interakcja.cpp(215): warning C4305: '=' : truncation from 'double' to 'float'
     1>c:\studenci\rzymski\wzr-1\wzr13z_1b\interakcja.cpp(216): warning C4305: '=' : truncation from 'double' to 'float'
     1>c:\studenci\rzymski\wzr-1\wzr13z_1b\interakcja.cpp(222): warning C4305: '/=' : truncation from 'double' to 'float'
     1>c:\studenci\rzymski\wzr-1\wzr13z_1b\interakcja.cpp(229): warning C4305: '*=' : truncation from 'double' to 'float'
     1>c:\studenci\rzymski\wzr-1\wzr13z_1b\interakcja.cpp(236): warning C4305: 'argument' : truncation from 'double' to 'float'
     1>c:\studenci\rzymski\wzr-1\wzr13z_1b\interakcja.cpp(242): warning C4305: '+=' : truncation from 'double' to 'float'
     1>c:\studenci\rzymski\wzr-1\wzr13z_1b\interakcja.cpp(247): warning C4305: '-=' : truncation from 'double' to 'float'
     1>c:\studenci\rzymski\wzr-1\wzr13z_1b\interakcja.cpp(252): warning C4800: 'int' : forcing value to bool 'true' or 'false' (performance warning)
       ManifestResourceCompile:
         All outputs are up-to-date.
       Link:
         C:\Program Files (x86)\Microsoft Visual Studio 10.0\VC\bin\link.exe /ERRORREPORT:PROMPT /OUT:"Debug\wzr_vis.exe" /INCREMENTAL /NOLOGO kernel32.lib user32.lib gdi32.lib winspool.lib comdlg32.lib advapi32.lib shell32.lib ole32.lib oleaut32.lib uuid.lib odbc32.lib odbccp32.lib /MANIFEST /ManifestFile:"Debug\wzr_vis.exe.intermediate.manifest" /MANIFESTUAC:"level='asInvoker' uiAccess='false'" /DEBUG /PDB:"Debug\GK-OpenGL.pdb" /SUBSYSTEM:WINDOWS /TLBID:1 /DYNAMICBASE:NO /IMPLIB:"Debug\wzr_vis.lib" /MACHINE:X86 Debug\wzr_vis.exe.embed.manifest.res
         Debug\glowny.obj
         Debug\grafika.obj
         Debug\interakcja.obj
         Debug\kwaternion.obj
         Debug\obiekty.obj
         Debug\siec.obj
         Debug\wektor.obj opengl32.lib glu32.lib WSOCK32.LIB MPR.LIB WSOCK32.LIB MPR.LIB
          
       Manifest:
         C:\Program Files (x86)\Microsoft SDKs\Windows\v7.0A\bin\mt.exe /nologo /verbose /out:"Debug\wzr_vis.exe.embed.manifest" /manifest Debug\wzr_vis.exe.intermediate.manifest
         All outputs are up-to-date.
       LinkEmbedManifest:
         All outputs are up-to-date.
         wzr_vis.vcxproj -> C:\Studenci\Rzymski\Wzr-1\wzr13z_1b\Debug\wzr_vis.exe
       FinalizeBuildStatus:
         Deleting file "Debug\wzr_vis.unsuccessfulbuild".
         Touching "Debug\wzr_vis.lastbuildstate".
     1>Done Building Project "C:\Studenci\Rzymski\Wzr-1\wzr13z_1b\wzr_vis.vcxproj" (build target(s)).

Build succeeded.

Time Elapsed 00:00:01.42
