C:\STUDENCI\CIEPLY\WRZ_1\WZR13Z_1B\DEBUG\GK-OPENGL.PDB
C:\STUDENCI\CIEPLY\WRZ_1\WZR13Z_1B\DEBUG\GLOWNY.OBJ
C:\STUDENCI\CIEPLY\WRZ_1\WZR13Z_1B\DEBUG\GRAFIKA.OBJ
C:\STUDENCI\CIEPLY\WRZ_1\WZR13Z_1B\DEBUG\INTERAKCJA.OBJ
C:\STUDENCI\CIEPLY\WRZ_1\WZR13Z_1B\DEBUG\KWATERNION.OBJ
C:\STUDENCI\CIEPLY\WRZ_1\WZR13Z_1B\DEBUG\OBIEKTY.OBJ
C:\STUDENCI\CIEPLY\WRZ_1\WZR13Z_1B\DEBUG\SIEC.OBJ
C:\STUDENCI\CIEPLY\WRZ_1\WZR13Z_1B\DEBUG\VC100.PDB
C:\STUDENCI\CIEPLY\WRZ_1\WZR13Z_1B\DEBUG\WEKTOR.OBJ
C:\STUDENCI\CIEPLY\WRZ_1\WZR13Z_1B\DEBUG\WZR_VIS.EXE
C:\STUDENCI\CIEPLY\WRZ_1\WZR13Z_1B\DEBUG\WZR_VIS.EXE.EMBED.MANIFEST
C:\STUDENCI\CIEPLY\WRZ_1\WZR13Z_1B\DEBUG\WZR_VIS.EXE.EMBED.MANIFEST.RES
C:\STUDENCI\CIEPLY\WRZ_1\WZR13Z_1B\DEBUG\WZR_VIS.EXE.INTERMEDIATE.MANIFEST
C:\STUDENCI\CIEPLY\WRZ_1\WZR13Z_1B\DEBUG\WZR_VIS.ILK
C:\STUDENCI\Cieply\Wrz_1\wzr13z_1b_srv\Debug\cl.command.1.tlog
C:\STUDENCI\Cieply\Wrz_1\wzr13z_1b_srv\Debug\CL.read.1.tlog
C:\STUDENCI\Cieply\Wrz_1\wzr13z_1b_srv\Debug\CL.write.1.tlog
C:\STUDENCI\CIEPLY\WRZ_1\WZR13Z_1B_SRV\DEBUG\GK-OPENGL.PDB
C:\STUDENCI\CIEPLY\WRZ_1\WZR13Z_1B_SRV\DEBUG\GLOWNY.OBJ
C:\STUDENCI\CIEPLY\WRZ_1\WZR13Z_1B_SRV\DEBUG\GRAFIKA.OBJ
C:\STUDENCI\CIEPLY\WRZ_1\WZR13Z_1B_SRV\DEBUG\INTERAKCJA.OBJ
C:\STUDENCI\CIEPLY\WRZ_1\WZR13Z_1B_SRV\DEBUG\KWATERNION.OBJ
C:\STUDENCI\Cieply\Wrz_1\wzr13z_1b_srv\Debug\link.212.read.1.tlog
C:\STUDENCI\Cieply\Wrz_1\wzr13z_1b_srv\Debug\link.212.write.1.tlog
C:\STUDENCI\Cieply\Wrz_1\wzr13z_1b_srv\Debug\link.212-cvtres.read.1.tlog
C:\STUDENCI\Cieply\Wrz_1\wzr13z_1b_srv\Debug\link.212-cvtres.write.1.tlog
C:\STUDENCI\Cieply\Wrz_1\wzr13z_1b_srv\Debug\link.command.1.tlog
C:\STUDENCI\Cieply\Wrz_1\wzr13z_1b_srv\Debug\link.read.1.tlog
C:\STUDENCI\Cieply\Wrz_1\wzr13z_1b_srv\Debug\link.write.1.tlog
C:\STUDENCI\Cieply\Wrz_1\wzr13z_1b_srv\Debug\link-cvtres.read.1.tlog
C:\STUDENCI\Cieply\Wrz_1\wzr13z_1b_srv\Debug\link-cvtres.write.1.tlog
C:\STUDENCI\Cieply\Wrz_1\wzr13z_1b_srv\Debug\mt.command.1.tlog
C:\STUDENCI\Cieply\Wrz_1\wzr13z_1b_srv\Debug\mt.read.1.tlog
C:\STUDENCI\Cieply\Wrz_1\wzr13z_1b_srv\Debug\mt.write.1.tlog
C:\STUDENCI\CIEPLY\WRZ_1\WZR13Z_1B_SRV\DEBUG\OBIEKTY.OBJ
C:\STUDENCI\Cieply\Wrz_1\wzr13z_1b_srv\Debug\rc.command.1.tlog
C:\STUDENCI\Cieply\Wrz_1\wzr13z_1b_srv\Debug\rc.read.1.tlog
C:\STUDENCI\Cieply\Wrz_1\wzr13z_1b_srv\Debug\rc.write.1.tlog
C:\STUDENCI\CIEPLY\WRZ_1\WZR13Z_1B_SRV\DEBUG\SIEC.OBJ
C:\STUDENCI\Cieply\Wrz_1\wzr13z_1b_srv\Debug\vc100.idb
C:\STUDENCI\CIEPLY\WRZ_1\WZR13Z_1B_SRV\DEBUG\VC100.PDB
C:\STUDENCI\CIEPLY\WRZ_1\WZR13Z_1B_SRV\DEBUG\WEKTOR.OBJ
C:\STUDENCI\CIEPLY\WRZ_1\WZR13Z_1B_SRV\DEBUG\WZR_VIS.EXE
C:\STUDENCI\Cieply\Wrz_1\wzr13z_1b_srv\Debug\wzr_vis.exe.embed.manifest
C:\STUDENCI\CIEPLY\WRZ_1\WZR13Z_1B_SRV\DEBUG\WZR_VIS.EXE.EMBED.MANIFEST.RES
C:\STUDENCI\CIEPLY\WRZ_1\WZR13Z_1B_SRV\DEBUG\WZR_VIS.EXE.INTERMEDIATE.MANIFEST
C:\STUDENCI\CIEPLY\WRZ_1\WZR13Z_1B_SRV\DEBUG\WZR_VIS.ILK
C:\STUDENCI\Cieply\Wrz_1\wzr13z_1b_srv\Debug\wzr_vis.vcxprojResolveAssemblyReference.cache
C:\STUDENCI\Cieply\Wrz_1\wzr13z_1b_srv\Debug\wzr_vis.write.1.tlog
C:\STUDENCI\Cieply\Wrz_1\wzr13z_1b_srv\Debug\wzr_vis_manifest.rc
Debug\wzr_vis.ilk
